<?xml version="1.0" encoding="UTF-8"?>
<!-- Generated by org.testng.reporters.JUnitReportReporter -->
<testsuite hostname="LAPTOP-13LFQQVF" failures="0" tests="2" name="api_project.scratchpay.Test1" time="4.585" errors="0" timestamp="2022-09-12T13:26:18 PDT" skipped="0">
  <testcase classname="api_project.scratchpay.Test1" name="test" time="3.953"/>
  <system-out/>
  <testcase classname="api_project.scratchpay.Test1" name="testUserNotAbleToGetListOfEmailAddresses" time="0.632"/>
  <system-out/>
</testsuite> <!-- api_project.scratchpay.Test1 -->
